#
# A fatal error has been detected by the Java Runtime Environment:
#
#  EXCEPTION_ACCESS_VIOLATION (0xc0000005) at pc=0x617493cd, pid=444, tid=0x00002b60
#
# JRE version: Java(TM) SE Runtime Environment (8.0_92-b14) (build 1.8.0_92-b14)
# Java VM: Java HotSpot(TM) Client VM (25.92-b14 mixed mode windows-x86 )
# Problematic frame:
# C  [listSerialsj.dll+0x93cd]
#
# Failed to write core dump. Minidumps are not enabled by default on client versions of Windows
#
# If you would like to submit a bug report, please visit:
#   http://bugreport.java.com/bugreport/crash.jsp
# The crash happened outside the Java Virtual Machine in native code.
# See problematic frame for where to report the bug.
#

---------------  T H R E A D  ---------------

Current thread (0x27358800):  JavaThread "cc.arduino.packages.discoverers.serial.SerialBoardsLister" [_thread_in_native, id=11104, stack(0x26f60000,0x26fb0000)]

siginfo: ExceptionCode=0xc0000005, writing address 0x00000000

Registers:
EAX=0x00000000, EBX=0x00000a20, ECX=0x00000000, EDX=0x00000001
ESP=0x26faef00, EBP=0x26faf358, ESI=0x00000002, EDI=0x00f3c698
EIP=0x617493cd, EFLAGS=0x00010246

Top of Stack: (sp=0x26faef00)
0x26faef00:   00dd28f0 0000002e 00000002 00000000
0x26faef10:   00000003 00000000 00000000 00000000
0x26faef20:   24dfafb8 00000000 0000006c 76aea540
0x26faef30:   00dde610 00000000 00f3d7d0 0000002f
0x26faef40:   00000001 26faef48 00000042 00000002
0x26faef50:   00000001 0000006c 00000067 0000008e
0x26faef60:   008eaa18 00000000 394d4f43 00ba4700
0x26faef70:   00425355 00000001 02ba4854 02ba47b4 

Instructions: (pc=0x617493cd)
0x617493ad:   8b 45 08 8b 90 94 00 00 00 85 d2 74 16 8b 40 2c
0x617493bd:   c7 44 24 04 2e 00 00 00 89 04 24 e8 73 14 00 00
0x617493cd:   c6 00 00 8d 85 04 fc ff ff 89 44 24 18 8d 85 0a
0x617493dd:   fc ff ff 89 44 24 10 a1 e4 01 75 61 c7 85 04 fc 


Register to memory mapping:

EAX=0x00000000 is an unknown value
EBX=0x00000a20 is an unknown value
ECX=0x00000000 is an unknown value
EDX=0x00000001 is an unknown value
ESP=0x26faef00 is pointing into the stack for thread: 0x27358800
EBP=0x26faf358 is pointing into the stack for thread: 0x27358800
ESI=0x00000002 is an unknown value
EDI=0x00f3c698 is an unknown value


Stack: [0x26f60000,0x26fb0000],  sp=0x26faef00,  free space=315k
Native frames: (J=compiled Java code, j=interpreted, Vv=VM code, C=native code)
C  [listSerialsj.dll+0x93cd]
C  [listSerialsj.dll+0x2211]

Java frames: (J=compiled Java code, j=interpreted, Vv=VM code)
J 2195  processing.app.Platform.listSerialsNative()[Ljava/lang/String; (0 bytes) @ 0x02f5a38f [0x02f5a350+0x3f]
J 2192 C1 cc.arduino.packages.discoverers.serial.SerialBoardsLister.retriggerDiscovery(Z)V (765 bytes) @ 0x02f564b4 [0x02f56360+0x154]
J 2193 C1 cc.arduino.packages.discoverers.serial.SerialBoardsLister.run()V (13 bytes) @ 0x02f59f14 [0x02f59ed0+0x44]
J 2206% C1 java.util.TimerThread.mainLoop()V (232 bytes) @ 0x02f5dd94 [0x02f5d960+0x434]
j  java.util.TimerThread.run()V+1
v  ~StubRoutines::call_stub

---------------  P R O C E S S  ---------------

Java Threads: ( => current thread )
  0x27922000 JavaThread "JmDNS(192-168-7-1.local.).Timer" daemon [_thread_blocked, id=3588, stack(0x265a0000,0x265f0000)]
  0x2791c400 JavaThread "JmDNS(192-168-7-1.local.).State.Timer" [_thread_blocked, id=4036, stack(0x26510000,0x26560000)]
  0x27921000 JavaThread "JmDNS(192-168-7-1.local.).Timer" daemon [_thread_blocked, id=6388, stack(0x26480000,0x264d0000)]
  0x2791d400 JavaThread "SocketListener(192-168-7-1.local.)" daemon [_thread_in_native, id=6980, stack(0x26150000,0x261a0000)]
  0x2791bc00 JavaThread "JmDNS(Alexandru.local.).Timer" daemon [_thread_blocked, id=5000, stack(0x02a80000,0x02ad0000)]
  0x27921400 JavaThread "JmDNS(Alexandru.local.).State.Timer" [_thread_blocked, id=10696, stack(0x02970000,0x029c0000)]
  0x2791e800 JavaThread "JmDNS(Alexandru.local.).Timer" daemon [_thread_blocked, id=2008, stack(0x02920000,0x02970000)]
  0x27920800 JavaThread "SocketListener(Alexandru.local.)" daemon [_thread_in_native, id=10448, stack(0x02660000,0x026b0000)]
  0x27920000 JavaThread "DestroyJavaVM" [_thread_blocked, id=9468, stack(0x02700000,0x02750000)]
  0x2791d000 JavaThread "TimerQueue" daemon [_thread_blocked, id=9684, stack(0x29220000,0x29270000)]
  0x2741e800 JavaThread "Batik CleanerThread" daemon [_thread_blocked, id=5356, stack(0x28840000,0x28890000)]
  0x27421000 JavaThread "JmDNS(Alexandru.local.).Timer" daemon [_thread_blocked, id=11768, stack(0x28520000,0x28570000)]
  0x27420800 JavaThread "JmDNS(Alexandru.local.).State.Timer" [_thread_blocked, id=4968, stack(0x28490000,0x284e0000)]
  0x2741e400 JavaThread "JmDNS(Alexandru.local.).Timer" daemon [_thread_blocked, id=7488, stack(0x28400000,0x28450000)]
  0x2741dc00 JavaThread "SocketListener(Alexandru.local.)" daemon [_thread_in_native, id=12076, stack(0x28370000,0x283c0000)]
  0x2741f000 JavaThread "AWT-EventQueue-0" [_thread_blocked, id=2288, stack(0x282e0000,0x28330000)]
  0x27420400 JavaThread "AWT-Shutdown" [_thread_blocked, id=32, stack(0x26280000,0x262d0000)]
  0x2741d800 JavaThread "JmDNS(Alexandru.local.).Timer" daemon [_thread_blocked, id=5160, stack(0x28250000,0x282a0000)]
  0x27401800 JavaThread "JmDNS(Alexandru.local.).State.Timer" [_thread_blocked, id=3664, stack(0x281c0000,0x28210000)]
  0x27401000 JavaThread "JmDNS(Alexandru.local.).Timer" daemon [_thread_blocked, id=9672, stack(0x28130000,0x28180000)]
  0x27400c00 JavaThread "SocketListener(Alexandru.local.)" daemon [_thread_in_native, id=3576, stack(0x27e90000,0x27ee0000)]
  0x2735e000 JavaThread "cc.arduino.packages.discoverers.network.BoardReachabilityFilter" [_thread_blocked, id=11984, stack(0x27da0000,0x27df0000)]
  0x2735d400 JavaThread "cc.arduino.packages.discoverers.network.NetworkChecker" [_thread_blocked, id=5448, stack(0x27d10000,0x27d60000)]
=>0x27358800 JavaThread "cc.arduino.packages.discoverers.serial.SerialBoardsLister" [_thread_in_native, id=11104, stack(0x26f60000,0x26fb0000)]
  0x25d66800 JavaThread "AWT-Windows" daemon [_thread_in_native, id=10604, stack(0x26310000,0x26360000)]
  0x25d65400 JavaThread "Java2D Disposer" daemon [_thread_blocked, id=9952, stack(0x261f0000,0x26240000)]
  0x252c4c00 JavaThread "Service Thread" daemon [_thread_blocked, id=9428, stack(0x25b40000,0x25b90000)]
  0x252cb800 JavaThread "C1 CompilerThread0" daemon [_thread_blocked, id=10828, stack(0x25ab0000,0x25b00000)]
  0x252ca800 JavaThread "Attach Listener" daemon [_thread_blocked, id=5504, stack(0x25a20000,0x25a70000)]
  0x252c8800 JavaThread "Signal Dispatcher" daemon [_thread_blocked, id=192, stack(0x25990000,0x259e0000)]
  0x252aa800 JavaThread "Finalizer" daemon [_thread_blocked, id=4068, stack(0x25230000,0x25280000)]
  0x25294c00 JavaThread "Reference Handler" daemon [_thread_blocked, id=9144, stack(0x25810000,0x25860000)]

Other Threads:
  0x0291dc00 VMThread [stack: 0x04ba0000,0x04bf0000] [id=4904]
  0x252ef000 WatcherThread [stack: 0x25bd0000,0x25c20000] [id=6224]

VM state:not at safepoint (normal execution)

VM Mutex/Monitor currently owned by a thread: None

Heap:
 def new generation   total 39424K, used 2194K [0x04c00000, 0x076c0000, 0x0f6a0000)
  eden space 35072K,   2% used [0x04c00000, 0x04cb69e8, 0x06e40000)
  from space 4352K,  33% used [0x06e40000, 0x06fade38, 0x07280000)
  to   space 4352K,   0% used [0x07280000, 0x07280000, 0x076c0000)
 tenured generation   total 87424K, used 27223K [0x0f6a0000, 0x14c00000, 0x24c00000)
   the space 87424K,  31% used [0x0f6a0000, 0x11135fe8, 0x11136000, 0x14c00000)
 Metaspace       used 19580K, capacity 20075K, committed 20224K, reserved 20864K

Card table byte_map: [0x24c00000,0x24d10000] byte_map_base: 0x24bda000

Polling page: 0x00dc0000

CodeCache: size=32768Kb used=4005Kb max_used=4005Kb free=28762Kb
 bounds [0x02ba0000, 0x02f90000, 0x04ba0000]
 total_blobs=2565 nmethods=2287 adapters=207
 compilation: enabled

Compilation events (10 events):
Event: 3111.225 Thread 0x252cb800 2323  s          java.awt.AWTEvent::get_InputEvent_CanAccessSystemClipboard (26 bytes)
Event: 3111.225 Thread 0x252cb800 nmethod 2323 0x02f88d88 code [0x02f88ea0, 0x02f890ec]
Event: 3111.692 Thread 0x252cb800 2324             sun.awt.image.BufImgSurfaceData::getRenderLoops (26 bytes)
Event: 3111.692 Thread 0x252cb800 nmethod 2324 0x02f891c8 code [0x02f892d0, 0x02f8938c]
Event: 3112.023 Thread 0x252cb800 2325             java.awt.Component::location_NoClientCode (16 bytes)
Event: 3112.023 Thread 0x252cb800 nmethod 2325 0x02f89408 code [0x02f89500, 0x02f895c0]
Event: 3113.048 Thread 0x252cb800 2326             sun.awt.windows.WObjectPeer::getPeerForTarget (10 bytes)
Event: 3113.049 Thread 0x252cb800 nmethod 2326 0x02f89648 code [0x02f89760, 0x02f89878]
Event: 3126.936 Thread 0x252cb800 2327             sun.java2d.pipe.ValidatePipe::copyImage (29 bytes)
Event: 3126.937 Thread 0x252cb800 nmethod 2327 0x02f89988 code [0x02f89ab0, 0x02f89c14]

GC Heap History (10 events):
Event: 1.344 GC heap before
{Heap before GC invocations=2 (full 0):
 def new generation   total 39296K, used 23414K [0x04c00000, 0x076a0000, 0x0f6a0000)
  eden space 34944K,  54% used [0x04c00000, 0x05e9d850, 0x06e20000)
  from space 4352K, 100% used [0x06e20000, 0x07260000, 0x07260000)
  to   space 4352K,   0% used [0x07260000, 0x07260000, 0x076a0000)
 tenured generation   total 87424K, used 10189K [0x0f6a0000, 0x14c00000, 0x24c00000)
   the space 87424K,  11% used [0x0f6a0000, 0x10093668, 0x10093800, 0x14c00000)
 Metaspace       used 11924K, capacity 12272K, committed 12288K, reserved 12672K
Event: 1.372 GC heap after
Heap after GC invocations=3 (full 1):
 def new generation   total 39424K, used 0K [0x04c00000, 0x076c0000, 0x0f6a0000)
  eden space 35072K,   0% used [0x04c00000, 0x04c00000, 0x06e40000)
  from space 4352K,   0% used [0x06e40000, 0x06e40000, 0x07280000)
  to   space 4352K,   0% used [0x07280000, 0x07280000, 0x076c0000)
 tenured generation   total 87424K, used 16269K [0x0f6a0000, 0x14c00000, 0x24c00000)
   the space 87424K,  18% used [0x0f6a0000, 0x106837b8, 0x10683800, 0x14c00000)
 Metaspace       used 11924K, capacity 12272K, committed 12288K, reserved 12672K
}
Event: 2.000 GC heap before
{Heap before GC invocations=3 (full 1):
 def new generation   total 39424K, used 33686K [0x04c00000, 0x076c0000, 0x0f6a0000)
  eden space 35072K,  96% used [0x04c00000, 0x06ce59f8, 0x06e40000)
  from space 4352K,   0% used [0x06e40000, 0x06e40000, 0x07280000)
  to   space 4352K,   0% used [0x07280000, 0x07280000, 0x076c0000)
 tenured generation   total 87424K, used 16269K [0x0f6a0000, 0x14c00000, 0x24c00000)
   the space 87424K,  18% used [0x0f6a0000, 0x106837b8, 0x10683800, 0x14c00000)
 Metaspace       used 17208K, capacity 17641K, committed 17792K, reserved 17792K
Event: 2.012 GC heap after
Heap after GC invocations=4 (full 1):
 def new generation   total 39424K, used 4352K [0x04c00000, 0x076c0000, 0x0f6a0000)
  eden space 35072K,   0% used [0x04c00000, 0x04c00000, 0x06e40000)
  from space 4352K, 100% used [0x07280000, 0x076c0000, 0x076c0000)
  to   space 4352K,   0% used [0x06e40000, 0x06e40000, 0x07280000)
 tenured generation   total 87424K, used 18158K [0x0f6a0000, 0x14c00000, 0x24c00000)
   the space 87424K,  20% used [0x0f6a0000, 0x1085baa0, 0x1085bc00, 0x14c00000)
 Metaspace       used 17208K, capacity 17641K, committed 17792K, reserved 17792K
}
Event: 63.579 GC heap before
{Heap before GC invocations=4 (full 1):
 def new generation   total 39424K, used 39424K [0x04c00000, 0x076c0000, 0x0f6a0000)
  eden space 35072K, 100% used [0x04c00000, 0x06e40000, 0x06e40000)
  from space 4352K, 100% used [0x07280000, 0x076c0000, 0x076c0000)
  to   space 4352K,   0% used [0x06e40000, 0x06e40000, 0x07280000)
 tenured generation   total 87424K, used 18158K [0x0f6a0000, 0x14c00000, 0x24c00000)
   the space 87424K,  20% used [0x0f6a0000, 0x1085baa0, 0x1085bc00, 0x14c00000)
 Metaspace       used 18978K, capacity 19464K, committed 19584K, reserved 19840K
Event: 63.592 GC heap after
Heap after GC invocations=5 (full 1):
 def new generation   total 39424K, used 4352K [0x04c00000, 0x076c0000, 0x0f6a0000)
  eden space 35072K,   0% used [0x04c00000, 0x04c00000, 0x06e40000)
  from space 4352K, 100% used [0x06e40000, 0x07280000, 0x07280000)
  to   space 4352K,   0% used [0x07280000, 0x07280000, 0x076c0000)
 tenured generation   total 87424K, used 24397K [0x0f6a0000, 0x14c00000, 0x24c00000)
   the space 87424K,  27% used [0x0f6a0000, 0x10e73510, 0x10e73600, 0x14c00000)
 Metaspace       used 18978K, capacity 19464K, committed 19584K, reserved 19840K
}
Event: 746.059 GC heap before
{Heap before GC invocations=5 (full 1):
 def new generation   total 39424K, used 39424K [0x04c00000, 0x076c0000, 0x0f6a0000)
  eden space 35072K, 100% used [0x04c00000, 0x06e40000, 0x06e40000)
  from space 4352K, 100% used [0x06e40000, 0x07280000, 0x07280000)
  to   space 4352K,   0% used [0x07280000, 0x07280000, 0x076c0000)
 tenured generation   total 87424K, used 24397K [0x0f6a0000, 0x14c00000, 0x24c00000)
   the space 87424K,  27% used [0x0f6a0000, 0x10e73510, 0x10e73600, 0x14c00000)
 Metaspace       used 19565K, capacity 20075K, committed 20224K, reserved 20864K
Event: 746.075 GC heap after
Heap after GC invocations=6 (full 1):
 def new generation   total 39424K, used 1682K [0x04c00000, 0x076c0000, 0x0f6a0000)
  eden space 35072K,   0% used [0x04c00000, 0x04c00000, 0x06e40000)
  from space 4352K,  38% used [0x07280000, 0x07424ac0, 0x076c0000)
  to   space 4352K,   0% used [0x06e40000, 0x06e40000, 0x07280000)
 tenured generation   total 87424K, used 27223K [0x0f6a0000, 0x14c00000, 0x24c00000)
   the space 87424K,  31% used [0x0f6a0000, 0x11135fe8, 0x11136000, 0x14c00000)
 Metaspace       used 19565K, capacity 20075K, committed 20224K, reserved 20864K
}
Event: 3114.526 GC heap before
{Heap before GC invocations=6 (full 1):
 def new generation   total 39424K, used 36754K [0x04c00000, 0x076c0000, 0x0f6a0000)
  eden space 35072K, 100% used [0x04c00000, 0x06e40000, 0x06e40000)
  from space 4352K,  38% used [0x07280000, 0x07424ac0, 0x076c0000)
  to   space 4352K,   0% used [0x06e40000, 0x06e40000, 0x07280000)
 tenured generation   total 87424K, used 27223K [0x0f6a0000, 0x14c00000, 0x24c00000)
   the space 87424K,  31% used [0x0f6a0000, 0x11135fe8, 0x11136000, 0x14c00000)
 Metaspace       used 19580K, capacity 20075K, committed 20224K, reserved 20864K
Event: 3114.531 GC heap after
Heap after GC invocations=7 (full 1):
 def new generation   total 39424K, used 1463K [0x04c00000, 0x076c0000, 0x0f6a0000)
  eden space 35072K,   0% used [0x04c00000, 0x04c00000, 0x06e40000)
  from space 4352K,  33% used [0x06e40000, 0x06fade38, 0x07280000)
  to   space 4352K,   0% used [0x07280000, 0x07280000, 0x076c0000)
 tenured generation   total 87424K, used 27223K [0x0f6a0000, 0x14c00000, 0x24c00000)
   the space 87424K,  31% used [0x0f6a0000, 0x11135fe8, 0x11136000, 0x14c00000)
 Metaspace       used 19580K, capacity 20075K, committed 20224K, reserved 20864K
}

Deoptimization events (0 events):
No events

Internal exceptions (10 events):
Event: 81.303 Thread 0x2791c800 Exception <a 'sun/nio/fs/WindowsException'> (0x05ee4040) thrown at [C:\workspace\8-2-build-windows-i586-cygwin\jdk8u92\6642\hotspot\src\share\vm\prims\jni.cpp, line 709]
Event: 133.931 Thread 0x2735d400 Exception <a 'java/net/SocketException': error setting options> (0x060f5bc0) thrown at [C:\workspace\8-2-build-windows-i586-cygwin\jdk8u92\6642\hotspot\src\share\vm\prims\jni.cpp, line 735]
Event: 133.931 Thread 0x2791b800 Exception <a 'java/net/SocketException': socket closed> (0x05fc4bc8) thrown at [C:\workspace\8-2-build-windows-i586-cygwin\jdk8u92\6642\hotspot\src\share\vm\prims\jni.cpp, line 735]
Event: 139.933 Thread 0x2791d400 Exception <a 'java/net/SocketException': socket closed> (0x061f6b20) thrown at [C:\workspace\8-2-build-windows-i586-cygwin\jdk8u92\6642\hotspot\src\share\vm\prims\jni.cpp, line 735]
Event: 751.151 Thread 0x2735d400 Exception <a 'java/net/SocketException': error setting options> (0x04c61ae8) thrown at [C:\workspace\8-2-build-windows-i586-cygwin\jdk8u92\6642\hotspot\src\share\vm\prims\jni.cpp, line 735]
Event: 751.152 Thread 0x2791bc00 Exception <a 'java/net/SocketException': socket closed> (0x04d31198) thrown at [C:\workspace\8-2-build-windows-i586-cygwin\jdk8u92\6642\hotspot\src\share\vm\prims\jni.cpp, line 735]
Event: 757.153 Thread 0x2791b000 Exception <a 'java/net/SocketException': socket closed> (0x04d779f0) thrown at [C:\workspace\8-2-build-windows-i586-cygwin\jdk8u92\6642\hotspot\src\share\vm\prims\jni.cpp, line 735]
Event: 2427.412 Thread 0x2735d400 Exception <a 'java/net/SocketException': error setting options> (0x05f46ae8) thrown at [C:\workspace\8-2-build-windows-i586-cygwin\jdk8u92\6642\hotspot\src\share\vm\prims\jni.cpp, line 735]
Event: 2427.412 Thread 0x2791bc00 Exception <a 'java/net/SocketException': socket closed> (0x05f13bf8) thrown at [C:\workspace\8-2-build-windows-i586-cygwin\jdk8u92\6642\hotspot\src\share\vm\prims\jni.cpp, line 735]
Event: 2433.415 Thread 0x27921c00 Exception <a 'java/net/SocketException': socket closed> (0x05e89a68) thrown at [C:\workspace\8-2-build-windows-i586-cygwin\jdk8u92\6642\hotspot\src\share\vm\prims\jni.cpp, line 735]

Events (10 events):
Event: 3090.371 Executing VM operation: RevokeBias
Event: 3090.372 Executing VM operation: RevokeBias done
Event: 3090.597 Executing VM operation: RevokeBias
Event: 3090.598 Executing VM operation: RevokeBias done
Event: 3093.373 Executing VM operation: RevokeBias
Event: 3093.374 Executing VM operation: RevokeBias done
Event: 3097.419 Executing VM operation: BulkRevokeBias
Event: 3097.419 Executing VM operation: BulkRevokeBias done
Event: 3114.526 Executing VM operation: GenCollectForAllocation
Event: 3114.531 Executing VM operation: GenCollectForAllocation done


Dynamic libraries:
0x00320000 - 0x00353000 	C:\Program Files (x86)\Arduino\java\bin\javaw.exe
0x775e0000 - 0x77763000 	C:\WINDOWS\SYSTEM32\ntdll.dll
0x76390000 - 0x76470000 	C:\WINDOWS\System32\KERNEL32.DLL
0x771f0000 - 0x77391000 	C:\WINDOWS\System32\KERNELBASE.dll
0x77400000 - 0x77477000 	C:\WINDOWS\System32\ADVAPI32.dll
0x74450000 - 0x7450e000 	C:\WINDOWS\System32\msvcrt.dll
0x74510000 - 0x74551000 	C:\WINDOWS\System32\sechost.dll
0x75ff0000 - 0x760b1000 	C:\WINDOWS\System32\RPCRT4.dll
0x740a0000 - 0x740be000 	C:\WINDOWS\System32\SspiCli.dll
0x74090000 - 0x7409a000 	C:\WINDOWS\System32\CRYPTBASE.dll
0x74320000 - 0x7437a000 	C:\WINDOWS\System32\bcryptPrimitives.dll
0x76f40000 - 0x7709f000 	C:\WINDOWS\System32\USER32.dll
0x75d20000 - 0x75d35000 	C:\WINDOWS\System32\win32u.dll
0x76470000 - 0x7649b000 	C:\WINDOWS\System32\GDI32.dll
0x77480000 - 0x775db000 	C:\WINDOWS\System32\gdi32full.dll
0x6eb60000 - 0x6ed6a000 	C:\WINDOWS\WinSxS\x86_microsoft.windows.common-controls_6595b64144ccf1df_6.0.14393.953_none_89c2555adb023171\COMCTL32.dll
0x75d40000 - 0x75f51000 	C:\WINDOWS\System32\combase.dll
0x74860000 - 0x74940000 	C:\WINDOWS\System32\ucrtbase.dll
0x76360000 - 0x76385000 	C:\WINDOWS\System32\IMM32.DLL
0x5f1a0000 - 0x5f25f000 	C:\Program Files (x86)\Arduino\java\bin\msvcr100.dll
0x5edd0000 - 0x5f19b000 	C:\Program Files (x86)\Arduino\java\bin\client\jvm.dll
0x771e0000 - 0x771e6000 	C:\WINDOWS\System32\PSAPI.DLL
0x6fa30000 - 0x6fa38000 	C:\WINDOWS\SYSTEM32\WSOCK32.dll
0x6e2f0000 - 0x6e314000 	C:\WINDOWS\SYSTEM32\WINMM.dll
0x73c90000 - 0x73c98000 	C:\WINDOWS\SYSTEM32\VERSION.dll
0x76ed0000 - 0x76f33000 	C:\WINDOWS\System32\WS2_32.dll
0x6e2c0000 - 0x6e2e3000 	C:\WINDOWS\SYSTEM32\WINMMBASE.dll
0x747d0000 - 0x74806000 	C:\WINDOWS\System32\cfgmgr32.dll
0x5f680000 - 0x5f6b1000 	C:\Program Files (x86)\Arduino\java\bin\splashscreen.dll
0x6f060000 - 0x6f0d5000 	C:\WINDOWS\system32\uxtheme.dll
0x6f100000 - 0x6f10c000 	C:\Program Files (x86)\Arduino\java\bin\verify.dll
0x6d2c0000 - 0x6d2e1000 	C:\Program Files (x86)\Arduino\java\bin\java.dll
0x770a0000 - 0x771d5000 	C:\WINDOWS\System32\MSCTF.dll
0x74380000 - 0x74414000 	C:\WINDOWS\System32\OLEAUT32.dll
0x760c0000 - 0x7613b000 	C:\WINDOWS\System32\msvcp_win.dll
0x6d3c0000 - 0x6d401000 	C:\Program Files (x86)\TeamViewer\tv_w32.dll
0x74940000 - 0x75d18000 	C:\WINDOWS\System32\SHELL32.dll
0x76550000 - 0x76abe000 	C:\WINDOWS\System32\windows.storage.dll
0x74810000 - 0x74855000 	C:\WINDOWS\System32\powrprof.dll
0x773a0000 - 0x773e6000 	C:\WINDOWS\System32\shlwapi.dll
0x76250000 - 0x7625d000 	C:\WINDOWS\System32\kernel.appcore.dll
0x762d0000 - 0x76358000 	C:\WINDOWS\System32\shcore.dll
0x74420000 - 0x7442f000 	C:\WINDOWS\System32\profapi.dll
0x740c0000 - 0x741ab000 	C:\WINDOWS\System32\ole32.dll
0x6f0e0000 - 0x6f0f3000 	C:\Program Files (x86)\Arduino\java\bin\zip.dll
0x5ec80000 - 0x5edc5000 	C:\Program Files (x86)\Arduino\java\bin\awt.dll
0x6d450000 - 0x6d4e2000 	C:\WINDOWS\SYSTEM32\apphelp.dll
0x6f1e0000 - 0x6f1ff000 	C:\WINDOWS\system32\dwmapi.dll
0x61740000 - 0x6176c000 	C:\Program Files (x86)\Arduino\lib\listSerialsj.dll
0x76ac0000 - 0x76ecb000 	C:\WINDOWS\System32\SETUPAPI.dll
0x75f60000 - 0x75fe4000 	C:\WINDOWS\System32\clbcatq.dll
0x73080000 - 0x73093000 	C:\WINDOWS\SYSTEM32\CRYPTSP.dll
0x73050000 - 0x7307f000 	C:\WINDOWS\system32\rsaenh.dll
0x73c40000 - 0x73c5b000 	C:\WINDOWS\SYSTEM32\bcrypt.dll
0x73c60000 - 0x73c7a000 	C:\WINDOWS\SYSTEM32\USERENV.dll
0x6d6f0000 - 0x6d706000 	C:\Program Files (x86)\Arduino\java\bin\net.dll
0x73130000 - 0x7317e000 	C:\WINDOWS\system32\mswsock.dll
0x73220000 - 0x7324f000 	C:\WINDOWS\SYSTEM32\IPHLPAPI.DLL
0x773f0000 - 0x773f7000 	C:\WINDOWS\System32\NSI.dll
0x70e30000 - 0x70e43000 	C:\WINDOWS\SYSTEM32\dhcpcsvc6.DLL
0x70e10000 - 0x70e24000 	C:\WINDOWS\SYSTEM32\dhcpcsvc.DLL
0x6d920000 - 0x6d92f000 	C:\Program Files (x86)\Arduino\java\bin\nio.dll
0x26d40000 - 0x26d7d000 	C:\Users\Alexandru\AppData\Local\Temp\jna--30839095\jna5326130732250229535.dll
0x5ec40000 - 0x5ec79000 	C:\Program Files (x86)\Arduino\java\bin\fontmanager.dll
0x5ec00000 - 0x5ec32000 	C:\Program Files (x86)\Arduino\java\bin\t2k.dll
0x71930000 - 0x719ad000 	C:\WINDOWS\SYSTEM32\DNSAPI.dll
0x718f0000 - 0x71911000 	C:\Program Files (x86)\Bonjour\mdnsNSP.dll
0x718e0000 - 0x718e8000 	C:\Windows\System32\rasadhlp.dll
0x71890000 - 0x718d9000 	C:\WINDOWS\System32\fwpuclnt.dll
0x5eb90000 - 0x5ebf9000 	C:\Program Files (x86)\Arduino\msvcp100.dll
0x5ea40000 - 0x5eafe000 	C:\Program Files (x86)\Arduino\msvcr100.dll
0x28570000 - 0x285a2000 	C:\Program Files (x86)\Arduino\lib\AStylej.dll
0x5eb60000 - 0x5eb84000 	C:\Program Files (x86)\Arduino\java\bin\dcpr.dll
0x6d9a0000 - 0x6db0e000 	C:\WINDOWS\SYSTEM32\WindowsCodecs.dll
0x6d270000 - 0x6d2b4000 	C:\WINDOWS\system32\dataexchange.dll
0x6e930000 - 0x6eb60000 	C:\WINDOWS\system32\d3d11.dll
0x6d150000 - 0x6d263000 	C:\WINDOWS\system32\dcomp.dll
0x6e8a0000 - 0x6e923000 	C:\WINDOWS\system32\dxgi.dll
0x6d050000 - 0x6d141000 	C:\WINDOWS\system32\twinapi.appcore.dll
0x730a0000 - 0x730c2000 	C:\WINDOWS\SYSTEM32\DEVOBJ.dll
0x76200000 - 0x76244000 	C:\WINDOWS\System32\WINTRUST.dll
0x76260000 - 0x7626e000 	C:\WINDOWS\System32\MSASN1.dll
0x74650000 - 0x747cd000 	C:\WINDOWS\System32\CRYPT32.dll
0x64340000 - 0x64360000 	C:\Program Files (x86)\Arduino\java\bin\sunec.dll
0x6c860000 - 0x6c869000 	C:\Program Files (x86)\Arduino\java\bin\sunmscapi.dll
0x719f0000 - 0x71a02000 	C:\WINDOWS\system32\napinsp.dll
0x719d0000 - 0x719e6000 	C:\WINDOWS\system32\pnrpnsp.dll
0x719b0000 - 0x719c4000 	C:\WINDOWS\system32\NLAapi.dll
0x71920000 - 0x7192c000 	C:\WINDOWS\System32\winrnr.dll
0x6d5a0000 - 0x6d6e5000 	C:\WINDOWS\SYSTEM32\dbghelp.dll

VM Arguments:
jvm_args: -Dsun.java2d.d3d=false -Djna.nosys=true -DAPP_DIR=C:\Program Files (x86)\Arduino -Xms128M -Xmx512M 
java_command: processing.app.Base C:\Users\Alexandru\Desktop\Repositories\lec_2017_rs_lang\Arduino\ACCUdoo\ACCUdoo.ino
java_class_path (initial): C:\Program Files (x86)\Arduino\lib\apple.jar;C:\Program Files (x86)\Arduino\lib\arduino-core.jar;C:\Program Files (x86)\Arduino\lib\batik-1.8.jar;C:\Program Files (x86)\Arduino\lib\batik-anim-1.8.jar;C:\Program Files (x86)\Arduino\lib\batik-awt-util-1.8.jar;C:\Program Files (x86)\Arduino\lib\batik-bridge-1.8.jar;C:\Program Files (x86)\Arduino\lib\batik-codec-1.8.jar;C:\Program Files (x86)\Arduino\lib\batik-css-1.8.jar;C:\Program Files (x86)\Arduino\lib\batik-dom-1.8.jar;C:\Program Files (x86)\Arduino\lib\batik-ext-1.8.jar;C:\Program Files (x86)\Arduino\lib\batik-gvt-1.8.jar;C:\Program Files (x86)\Arduino\lib\batik-parser-1.8.jar;C:\Program Files (x86)\Arduino\lib\batik-rasterizer-1.8.jar;C:\Program Files (x86)\Arduino\lib\batik-script-1.8.jar;C:\Program Files (x86)\Arduino\lib\batik-squiggle-1.8.jar;C:\Program Files (x86)\Arduino\lib\batik-svg-dom-1.8.jar;C:\Program Files (x86)\Arduino\lib\batik-svgpp-1.8.jar;C:\Program Files (x86)\Arduino\lib\batik-transcoder-1.8.jar;C:\Program Files (x86)\Arduino\lib\batik-util-1.8.jar;C:\Program Files (x86)\Arduino\lib\batik-xml-1.8.jar;C:\Program Files (x86)\Arduino\lib\bcpg-jdk15on-152.jar;C:\Program Files (x86)\Arduino\lib\bcprov-jdk15on-152.jar;C:\Program Files (x86)\Arduino\lib\commons-codec-1.7.jar;C:\Program Files (x86)\Arduino\lib\commons-compress-1.8.jar;C:\Program Files (x86)\Arduino\lib\commons-exec-1.1.jar;C:\Program Files (x86)\Arduino\lib\commons-httpclient-3.1.jar;C:\Program Files (x86)\Arduino\lib\commons-lang3-3.3.2.jar;C:\Program Files (x86)\Arduino\lib\commons-logging-1.0.4.jar;C:\Program Files (x86)\Arduino\lib\commons-net-3.3.jar;C:\Program Files (x86)\Arduino\lib\jackson-annotations-2.6.3.jar;C:\Program Files (x86)\Arduino\lib\jackson-core-2.6.3.jar;C:\Program Files (x86)\Arduino\lib\jackson-databind-2.6.3.jar;C:\Program Files (x86)\Arduino\lib\jackson-module-mrbean-2.6.3.jar;C:\Program Files (x86)\Arduino\lib\java-semver-0.8.0.jar;C:\Program Files (x86)\Arduino\lib\jmdns-3.4.1.j
Launcher Type: SUN_STANDARD

Environment Variables:
PATH=C:\Program Files\Haskell\bin;C:\Program Files\Haskell Platform\8.0.1\lib\extralibs\bin;C:\Program Files\Haskell Platform\8.0.1\bin;C:\ProgramData\Oracle\Java\javapath;C:\WINDOWS\system32;C:\WINDOWS;C:\WINDOWS\System32\Wbem;C:\WINDOWS\System32\WindowsPowerShell\v1.0\;C:\Program Files (x86)\NVIDIA Corporation\PhysX\Common;C:\Program Files\Microsoft SQL Server\120\Tools\Binn\;C:\Program Files\Microsoft SQL Server\130\Tools\Binn\;C:\Program Files (x86)\Windows Kits\8.1\Windows Performance Toolkit\;C:\Program Files\Microsoft\Web Platform Installer\;C:\Program Files\Haskell Platform\8.0.1\mingw\bin;C:\WINDOWS\system32;C:\WINDOWS;C:\WINDOWS\System32\Wbem;C:\WINDOWS\System32\WindowsPowerShell\v1.0\;C:\OpenCV-3.1.0\opencv\build\x64\vc14\bin;C:\Program Files\MATLAB\MATLAB Production Server\R2015a\runtime\win64;C:\Program Files\MATLAB\MATLAB Production Server\R2015a\bin;C:\Program Files\MATLAB\MATLAB Production Server\R2015a\polyspace\bin;C:\Program Files\dotnet\;C:\Program Files (x86)\Microsoft SQL Server\110\DTS\Binn\;C:\Program Files (x86)\Microsoft SQL Server\120\DTS\Binn\;C:\Program Files (x86)\Microsoft SQL Server\130\DTS\Binn\;C:\Program Files (x86)\Skype\Phone\;C:\Users\Alexandru\AppData\Roaming\cabal\bin;C:\Users\Alexandru\AppData\Roaming\local\bin;C:\Users\Alexandru\AppData\Local\Microsoft\WindowsApps;C:\Users\Alexandru\AppData\Local\atom\bin;C:\Program Files (x86)\Arduino\java\bin
USERNAME=Alexandru Rusu
OS=Windows_NT
PROCESSOR_IDENTIFIER=Intel64 Family 6 Model 60 Stepping 3, GenuineIntel



---------------  S Y S T E M  ---------------

OS: Windows 10.0 , 64 bit Build 14393 (10.0.14393.0)

CPU:total 8 (4 cores per cpu, 2 threads per core) family 6 model 60 stepping 3, cmov, cx8, fxsr, mmx, sse, sse2, sse3, ssse3, sse4.1, sse4.2, popcnt, avx, avx2, aes, clmul, erms, lzcnt, ht, tsc, tscinvbit, bmi1, bmi2

Memory: 4k page, physical 8106348k(3741104k free), swap 9417068k(4157540k free)

vm_info: Java HotSpot(TM) Client VM (25.92-b14) for windows-x86 JRE (1.8.0_92-b14), built on Mar 31 2016 21:09:21 by "java_re" with MS VC++ 10.0 (VS2010)

time: Fri Apr 28 20:50:44 2017
elapsed time: 3132 seconds (0d 0h 52m 12s)

